  Main.cpp
C:\Users\Cedric\Desktop\SourceTree\Virtual Museum\Main.cpp(8,10): warning C4067: unexpected tokens following preprocessor directive - expected a newline
C:\Users\Cedric\Desktop\SourceTree\Virtual Museum\obj_mesh.h(175,36): warning C4267: 'argument': conversion from 'size_t' to '_Ty', possible loss of data
          with
          [
              _Ty=unsigned int
          ]
C:\Users\Cedric\Desktop\SourceTree\Virtual Museum\obj_mesh.h(179,36): warning C4267: '=': conversion from 'size_t' to 'GLulong', possible loss of data
C:\Users\Cedric\Desktop\SourceTree\Virtual Museum\Main.cpp(114,20): warning C4244: 'initializing': conversion from 'double' to 'float', possible loss of data
C:\Users\Cedric\Desktop\SourceTree\Virtual Museum\Main.cpp(237,28): warning C4244: '=': conversion from 'double' to 'float', possible loss of data
C:\Users\Cedric\Desktop\SourceTree\Virtual Museum\Main.cpp(298,16): warning C4244: 'initializing': conversion from 'double' to 'float', possible loss of data
C:\Users\Cedric\Desktop\SourceTree\Virtual Museum\Main.cpp(299,16): warning C4244: 'initializing': conversion from 'double' to 'float', possible loss of data
C:\Users\Cedric\Desktop\SourceTree\Virtual Museum\Main.cpp(312,35): warning C4244: '=': conversion from 'double' to 'T', possible loss of data
          with
          [
              T=float
          ]
C:\Users\Cedric\Desktop\SourceTree\Virtual Museum\Main.cpp(313,15): warning C4244: '=': conversion from 'double' to 'T', possible loss of data
          with
          [
              T=float
          ]
C:\Users\Cedric\Desktop\SourceTree\Virtual Museum\Main.cpp(314,35): warning C4244: '=': conversion from 'double' to 'T', possible loss of data
          with
          [
              T=float
          ]
  GRAPXMP.vcxproj -> C:\Users\Cedric\Desktop\SourceTree\Virtual Museum\x64\Debug\GRAPXMP.exe
